2026-01-28 19:46:13 [INFO] ============================================================
2026-01-28 19:46:13 [INFO] INÍCIO DA AUTOMAÇÃO RPA - GOOGLE MAPS
2026-01-28 19:46:13 [INFO] Cidade alvo: São Paulo
2026-01-28 19:46:13 [INFO] Tipos de estabelecimento: ['academia', 'restaurante', 'sorveteria']
2026-01-28 19:46:13 [INFO] Máximo por tipo: 20
2026-01-28 19:46:13 [INFO] ============================================================
2026-01-28 19:46:13 [INFO] Inicializando o Chrome WebDriver...
2026-01-28 19:46:13 [DEBUG] Modo visível ativado (com interface gráfica).
2026-01-28 19:46:15 [INFO] Chrome WebDriver inicializado com sucesso.
2026-01-28 19:46:15 [INFO] ----------------------------------------
2026-01-28 19:46:15 [INFO] BUSCANDO: ACADEMIA
2026-01-28 19:46:15 [INFO] Termo de busca: 'academias em São Paulo'
2026-01-28 19:46:15 [INFO] ----------------------------------------
2026-01-28 19:46:15 [INFO] Acessando Google Maps para busca: 'academias em São Paulo'
2026-01-28 19:46:17 [DEBUG] Campo de busca encontrado.
2026-01-28 19:46:22 [INFO] Busca realizada: 'academias em São Paulo'
2026-01-28 19:46:24 [DEBUG] Feed de resultados carregado.
2026-01-28 19:46:29 [DEBUG] Iniciando scroll no painel de resultados...
2026-01-28 19:46:31 [DEBUG] Scroll 1/5 realizado.
2026-01-28 19:46:33 [DEBUG] Scroll 2/5 realizado.
2026-01-28 19:46:35 [DEBUG] Scroll 3/5 realizado.
2026-01-28 19:46:37 [DEBUG] Scroll 4/5 realizado.
2026-01-28 19:46:39 [DEBUG] Scroll 5/5 realizado.
2026-01-28 19:46:39 [INFO] Scroll completo: 5 iterações realizadas.
2026-01-28 19:46:39 [INFO] Encontrados 36 cards para 'academia'.
2026-01-28 19:46:39 [DEBUG]   Texto do card 'Academia Motion Fit - Limoeiro': Patrocinado

Academia Motion Fit - Limoeiro
3,9(154)
Academia · 546 Avenida Augusto Antunes
Aberto · Fecha 23:00
 
 
Tr...
2026-01-28 19:46:39 [DEBUG]   [1] Extraído: Academia Motion Fit - Limoeiro
2026-01-28 19:46:39 [DEBUG]   Texto do card 'BIO RITMO Academia | Pedro Doll': Patrocinado

BIO RITMO Academia | Pedro Doll
4,3(319)
Academia · 564 Rua Pedro Doll
Aberto · Fecha 23:00
 
 
Viva sua m...
2026-01-28 19:46:39 [DEBUG]   [2] Extraído: BIO RITMO Academia | Pedro Doll
2026-01-28 19:46:39 [DEBUG]   Texto do card 'K1 GYM SANTANA': K1 GYM SANTANA
5,0(118)
Academia ·  · R. Conselheiro Saraiva, 207
Aberto · Fecha 21:30...
2026-01-28 19:46:39 [DEBUG]   [3] Extraído: K1 GYM SANTANA
2026-01-28 19:46:39 [DEBUG]   Texto do card 'Black Fitness Club': Black Fitness Club
4,7(196)
Academia ·  · R. Gaspar Soares, 88
Aberto · Fecha 23:00...
2026-01-28 19:46:39 [DEBUG]   [4] Extraído: Black Fitness Club
2026-01-28 19:46:39 [DEBUG]   Texto do card 'BlueFit Santana': BlueFit Santana
4,5(691)
Academia ·  · R. Dr. Zuquim, 1872
Aberto · Fecha 23:00
 
Serviços no local...
2026-01-28 19:46:39 [DEBUG]   [5] Extraído: BlueFit Santana
2026-01-28 19:46:39 [DEBUG]   Texto do card 'Health Academy': Health Academy
5,0(18)
Academia ·  · R. Voluntários da Pátria, 2468 - Conjunto 167
Aberto · Fecha 21:00
 
Serviços no l...
2026-01-28 19:46:39 [DEBUG]   [6] Extraído: Health Academy
2026-01-28 19:46:39 [DEBUG]   Texto do card 'Silver | Fitness & Spa | Santana - Zona Norte - SP': Silver | Fitness & Spa | Santana - Zona Norte - SP
4,8(110)
Academia ·  · R. Conselheiro Moreira de Barros, 636
Aberto ...
2026-01-28 19:46:39 [DEBUG]   [7] Extraído: Silver | Fitness & Spa | Santana - Zona Norte - SP
2026-01-28 19:46:39 [DEBUG]   Texto do card 'Academia Butterfly': Academia Butterfly
4,6(148)
Sala de fitness ·  · R. Conselheiro Moreira de Barros, 221
Aberto · Fecha 22:00...
2026-01-28 19:46:39 [DEBUG]   [8] Extraído: Academia Butterfly
2026-01-28 19:46:39 [DEBUG]   Texto do card 'Tracer Parkour - Santana': Tracer Parkour - Santana
4,8(52)
Escola de esportes ·  · R. Dr. Zuquim, 859
Aberto · Fecha 21:30...
2026-01-28 19:46:39 [DEBUG]   [9] Extraído: Tracer Parkour - Santana
2026-01-28 19:46:39 [DEBUG]   Texto do card 'Academia C4 GYM - Unid. Santana': Academia C4 GYM - Unid. Santana
3,9(156)
Academia ·  · Rua Dr. Olavo Egídio, 632
Aberto · Fecha 23:00...
2026-01-28 19:46:39 [DEBUG]   [10] Extraído: Academia C4 GYM - Unid. Santana
2026-01-28 19:46:39 [DEBUG]   Texto do card 'Academia Acqua Ville': Academia Acqua Ville
4,5(233)
Academia ·  · R. Ten. Blum, 93
Aberto · Fecha 22:00...
2026-01-28 19:46:39 [DEBUG]   [11] Extraído: Academia Acqua Ville
2026-01-28 19:46:39 [DEBUG]   Texto do card '30'fit - Treinamento Funcional': 30'fit - Treinamento Funcional
5,0(152)
Sala de fitness · R. Francisca Júlia, 524
Aberto · Fecha 22:00
 
Serviços no loc...
2026-01-28 19:46:39 [DEBUG]   [12] Extraído: 30'fit - Treinamento Funcional
2026-01-28 19:46:39 [DEBUG]   Texto do card 'High Point Academia': High Point Academia
4,7(510)
Academia ·  · Rua Chemin Del Pra, 58
Aberto · Fecha 23:00...
2026-01-28 19:46:39 [DEBUG]   [13] Extraído: High Point Academia
2026-01-28 19:46:39 [DEBUG]   Texto do card 'Studio Livinng': Studio Livinng
4,9(166)
Academia ·  · R. Conselheiro Moreira de Barros, 711
Aberto · Fecha 21:00
 
Aulas on-line...
2026-01-28 19:46:39 [DEBUG]   [14] Extraído: Studio Livinng
2026-01-28 19:46:39 [DEBUG]   Texto do card 'PERSONAL S/A - Academia de Treinamento Funcional no Jardim São Paulo': PERSONAL S/A - Academia de Treinamento Funcional no Jardim São Paulo
4,8(62)
Academia ·  · Av. Nova Cantareira, 624
Abe...
2026-01-28 19:46:39 [DEBUG]   [15] Extraído: PERSONAL S/A - Academia de Treinamento Funcional no Jardim São Paulo
2026-01-28 19:46:39 [DEBUG]   Texto do card 'Academia K2 Fitness Technology': Academia K2 Fitness Technology
4,1(598)
Sala de fitness ·  · Av. Luiz Dumont Villares, 200
Aberto · Fecha 22:00...
2026-01-28 19:46:39 [DEBUG]   [16] Extraído: Academia K2 Fitness Technology
2026-01-28 19:46:39 [DEBUG]   Texto do card 'BW Academia | Santana - Zona Norte - São Paulo': BW Academia | Santana - Zona Norte - São Paulo
4,9(1.293)
Academia ·  · R. Mateus Leme, 114
Aberto · Fecha 23:00
 
Serv...
2026-01-28 19:46:39 [DEBUG]   [17] Extraído: BW Academia | Santana - Zona Norte - São Paulo
2026-01-28 19:46:39 [DEBUG]   Texto do card 'Smarkim Gym Academia': Smarkim Gym Academia
4,3(254)
Academia ·  · R. Voluntários da Pátria, 1884
Aberto · Fecha 22:00
 
Serviços no local...
2026-01-28 19:46:39 [DEBUG]   [18] Extraído: Smarkim Gym Academia
2026-01-28 19:46:39 [DEBUG]   Texto do card 'Studio JD Treinos Coletivos': Studio JD Treinos Coletivos
4,6(19)
Academia ·  · Rua Benvinda Aparecida de Abreu Leme, 43 - Sala 3
Fechado · Abre qui....
2026-01-28 19:46:39 [DEBUG]   [19] Extraído: Studio JD Treinos Coletivos
2026-01-28 19:46:39 [DEBUG]   Texto do card 'BIO RITMO Academia | Pedro Doll': BIO RITMO Academia | Pedro Doll
4,3(319)
Academia ·  · R. Pedro Doll, 564
Aberto · Fecha 23:00
 
Serviços no local...
2026-01-28 19:46:39 [DEBUG]   [20] Extraído: BIO RITMO Academia | Pedro Doll
2026-01-28 19:46:39 [DEBUG] Limite de 20 resultados atingido.
2026-01-28 19:46:39 [INFO] Total extraído para 'academia': 20 estabelecimentos.
2026-01-28 19:46:39 [INFO] Coleta de 'academia' concluída: 20 estabelecimentos encontrados.
2026-01-28 19:46:39 [INFO] ----------------------------------------
2026-01-28 19:46:39 [INFO] BUSCANDO: RESTAURANTE
2026-01-28 19:46:39 [INFO] Termo de busca: 'restaurantes em São Paulo'
2026-01-28 19:46:39 [INFO] ----------------------------------------
2026-01-28 19:46:39 [INFO] Acessando Google Maps para busca: 'restaurantes em São Paulo'
2026-01-28 19:46:40 [DEBUG] Campo de busca encontrado.
2026-01-28 19:46:46 [INFO] Busca realizada: 'restaurantes em São Paulo'
2026-01-28 19:46:47 [DEBUG] Feed de resultados carregado.
2026-01-28 19:46:52 [DEBUG] Iniciando scroll no painel de resultados...
2026-01-28 19:46:54 [DEBUG] Scroll 1/5 realizado.
2026-01-28 19:46:56 [DEBUG] Scroll 2/5 realizado.
2026-01-28 19:46:58 [DEBUG] Scroll 3/5 realizado.
2026-01-28 19:47:00 [DEBUG] Scroll 4/5 realizado.
2026-01-28 19:47:02 [DEBUG] Scroll 5/5 realizado.
2026-01-28 19:47:02 [INFO] Scroll completo: 5 iterações realizadas.
2026-01-28 19:47:02 [INFO] Encontrados 40 cards para 'restaurante'.
2026-01-28 19:47:02 [DEBUG]   Texto do card 'Lassù': Lassù
4,6(3.332) · +R$ 200
Restaurante ·  · R. Conselheiro Saraiva, 207
Bar giratório e especialidades da Itália
Aberto...
2026-01-28 19:47:02 [DEBUG]   [1] Extraído: Lassù
2026-01-28 19:47:02 [DEBUG]   Texto do card 'Restaurante Dona Florinda': Restaurante Dona Florinda
4,4(1.012) · $$$
Portuguesa ·  · R. Antônio Pereira de Sousa, 227
Restaurante português famil...
2026-01-28 19:47:02 [DEBUG]   [2] Extraído: Restaurante Dona Florinda
2026-01-28 19:47:02 [DEBUG]   Texto do card 'Angusteria': Angusteria
4,7(443) · $$
Restaurante · R. Duarte de Azevedo, 468
Aberto · Fecha 22:00
 
Refeição no local
·
Retirada na ...
2026-01-28 19:47:02 [DEBUG]   [3] Extraído: Angusteria
2026-01-28 19:47:02 [DEBUG]   Texto do card 'La Braciera Pizzaria - Pizza Napoletana': La Braciera Pizzaria - Pizza Napoletana
4,8(4.166) · $$
Pizza ·  · R. Conselheiro Saraiva, 664
Restaurante italiano des...
2026-01-28 19:47:02 [DEBUG]   [4] Extraído: La Braciera Pizzaria - Pizza Napoletana
2026-01-28 19:47:02 [DEBUG]   Texto do card 'La Crosta Forneria': La Crosta Forneria
4,9(1.464) · $$
Pizza ·  · R. Pontins, 52
Aberto · Fecha 23:00
 
Refeição no local
·
Para viagem
·
E...
2026-01-28 19:47:02 [DEBUG]   [5] Extraído: La Crosta Forneria
2026-01-28 19:47:02 [DEBUG]   Texto do card 'Famiglia Mancini Trattoria': Famiglia Mancini Trattoria
4,7(27.906) · $$$
Italiana ·  · Rua Avanhandava, 81, Bela Vista
Massas e frios em ambiente a...
2026-01-28 19:47:02 [DEBUG]   [6] Extraído: Famiglia Mancini Trattoria
2026-01-28 19:47:02 [DEBUG]   Texto do card 'Sargento Garcia': Sargento Garcia
4,7(886) · $$$
Restaurante ·  · R. Padre Luciano, 154
Restaurante com pratos do mediterrâneo
Aberto · F...
2026-01-28 19:47:02 [DEBUG]   [7] Extraído: Sargento Garcia
2026-01-28 19:47:02 [DEBUG]   Texto do card 'Rainha da Jovita': Rainha da Jovita
4,6(172) · R$ 20–40
Restaurante · Rua Dr. Olavo Egídio, 449
Aberto · Fecha 23:00
 
Refeição no local
·
...
2026-01-28 19:47:02 [DEBUG]   [8] Extraído: Rainha da Jovita
2026-01-28 19:47:02 [DEBUG]   Texto do card 'La Ficazza': La Ficazza
4,9(730) · R$ 80–120
Italiana ·  · R. Dr. César, 1160
Aberto · Fecha 22:00
 
Refeição no local
·
Retirada na...
2026-01-28 19:47:02 [DEBUG]   [9] Extraído: La Ficazza
2026-01-28 19:47:02 [DEBUG]   Texto do card 'Seu Manuel Restaurante': Seu Manuel Restaurante
4,8(519)
Europeia ·  · R. Ismael Neri, 441
Aberto · Fecha 23:00
 
Refeição no local
·
Retirada n...
2026-01-28 19:47:02 [DEBUG]   [10] Extraído: Seu Manuel Restaurante
2026-01-28 19:47:02 [DEBUG]   Texto do card 'Sabor de Santana': Sabor de Santana
4,6(194) · R$ 20–40
Restaurante · R. Duarte de Azevedo, 352
Aberto · Fecha 00:00
 
Refeição no local
·
...
2026-01-28 19:47:02 [DEBUG]   [11] Extraído: Sabor de Santana
2026-01-28 19:47:03 [DEBUG]   Texto do card 'Dona Carmela': Dona Carmela
4,5(3.595) · $$
Italiana ·  · R. Dr. César, 944
Local com frutos do mar e fondue
Aberto · Fecha 23:00
 
Re...
2026-01-28 19:47:03 [DEBUG]   [12] Extraído: Dona Carmela
2026-01-28 19:47:03 [DEBUG]   Texto do card 'Crostini Osteria': Crostini Osteria
4,8(410)
Italiana ·  · R. Dr. César, 1243
Aberto · Fecha 22:00
 
Refeição no local
·
Retirada na porta...
2026-01-28 19:47:03 [DEBUG]   [13] Extraído: Crostini Osteria
2026-01-28 19:47:03 [DEBUG]   Texto do card 'Restaurante Nova Zuquim (Alto de Santana)': Restaurante Nova Zuquim (Alto de Santana)
4,3(114) · R$ 20–40
Restaurante ·  · R. Dr. Zuquim, 1941
Aberto · Fecha 21:00...
2026-01-28 19:47:03 [DEBUG]   [14] Extraído: Restaurante Nova Zuquim (Alto de Santana)
2026-01-28 19:47:03 [DEBUG]   Texto do card 'Salvi Café e Cozinha - Santana': Salvi Café e Cozinha - Santana
4,6(1.216) · $$
Restaurante ·  · R. Tupiguaes, 140
Aberto · Fecha 22:00
 
Refeição no lo...
2026-01-28 19:47:03 [DEBUG]   [15] Extraído: Salvi Café e Cozinha - Santana
2026-01-28 19:47:03 [DEBUG]   Texto do card 'LeLui Bar e Cozinha': LeLui Bar e Cozinha
4,8(1.018) · $$
Restaurante ·  · R. Jacuna, 302
Aberto · Fecha 00:00
 
Refeição no local
·
Para via...
2026-01-28 19:47:03 [DEBUG]   [16] Extraído: LeLui Bar e Cozinha
2026-01-28 19:47:03 [DEBUG]   Texto do card 'Aoka Parrilla e Bar': Aoka Parrilla e Bar
4,8(238) · R$ 40–60
Restaurante ·  · Av. Leôncio de Magalhães, 84
Aberto · Fecha 22:00
 
Refeição n...
2026-01-28 19:47:03 [DEBUG]   [17] Extraído: Aoka Parrilla e Bar
2026-01-28 19:47:03 [DEBUG]   Texto do card 'Santo Mar Restaurante — Unidade Santana': Santo Mar Restaurante — Unidade Santana
4,4(3.898) · $$
Frutos do mar ·  · Av. Luiz Dumont Villares, 1306
Aberto · Fech...
2026-01-28 19:47:03 [DEBUG]   [18] Extraído: Santo Mar Restaurante — Unidade Santana
2026-01-28 19:47:03 [DEBUG]   Texto do card 'Dom ramiro': Dom ramiro
4,5(3.579) · $$
Brasileira ·  · R. Dr. César, 105
Gastropub aconchegante com música
Aberto · Fecha 01:00
 
R...
2026-01-28 19:47:03 [DEBUG]   [19] Extraído: Dom ramiro
2026-01-28 19:47:03 [DEBUG]   Texto do card 'Pecorino Cucina Mediterranea Braz Leme: Restaurante, Delivery São Paulo SP': Pecorino Cucina Mediterranea Braz Leme: Restaurante, Delivery São Paulo SP
4,6(1.549)
Mediterrânea ·  · Av. Braz Leme, ...
2026-01-28 19:47:03 [DEBUG]   [20] Extraído: Pecorino Cucina Mediterranea Braz Leme: Restaurante, Delivery São Paulo SP
2026-01-28 19:47:03 [DEBUG] Limite de 20 resultados atingido.
2026-01-28 19:47:03 [INFO] Total extraído para 'restaurante': 20 estabelecimentos.
2026-01-28 19:47:03 [INFO] Coleta de 'restaurante' concluída: 20 estabelecimentos encontrados.
2026-01-28 19:47:03 [INFO] ----------------------------------------
2026-01-28 19:47:03 [INFO] BUSCANDO: SORVETERIA
2026-01-28 19:47:03 [INFO] Termo de busca: 'sorveterias em São Paulo'
2026-01-28 19:47:03 [INFO] ----------------------------------------
2026-01-28 19:47:03 [INFO] Acessando Google Maps para busca: 'sorveterias em São Paulo'
2026-01-28 19:47:03 [DEBUG] Campo de busca encontrado.
2026-01-28 19:47:09 [INFO] Busca realizada: 'sorveterias em São Paulo'
2026-01-28 19:47:10 [DEBUG] Feed de resultados carregado.
2026-01-28 19:47:15 [DEBUG] Iniciando scroll no painel de resultados...
2026-01-28 19:47:17 [DEBUG] Scroll 1/5 realizado.
2026-01-28 19:47:19 [DEBUG] Scroll 2/5 realizado.
2026-01-28 19:47:21 [DEBUG] Scroll 3/5 realizado.
2026-01-28 19:47:24 [DEBUG] Scroll 4/5 realizado.
2026-01-28 19:47:26 [DEBUG] Scroll 5/5 realizado.
2026-01-28 19:47:26 [INFO] Scroll completo: 5 iterações realizadas.
2026-01-28 19:47:26 [INFO] Encontrados 42 cards para 'sorveteria'.
2026-01-28 19:47:26 [DEBUG]   Texto do card 'Dezato Gelato - Augusto Tolle': Dezato Gelato - Augusto Tolle
4,8(504) · $$
Sorvete ·  · R. Augusto Tolle, 279
Fecha em breve · 20:00 · Abre qui. às 13...
2026-01-28 19:47:26 [DEBUG]   [1] Extraído: Dezato Gelato - Augusto Tolle
2026-01-28 19:47:26 [DEBUG]   Texto do card 'Latte di Fiori': Latte di Fiori
4,8(416)
Sorvete · Av. Águas de São Pedro, 427
Fecha em breve · 20:00 · Abre qui. às 13:00
 
Entrega...
2026-01-28 19:47:26 [DEBUG]   [2] Extraído: Latte di Fiori
2026-01-28 19:47:26 [DEBUG]   Texto do card 'Paleteria paulista - unidade Santana': Paleteria paulista - unidade Santana
4,8(99)
Sorvete ·  · Rua Dr. Olavo Egídio, 798
Fecha em breve · 20:00 · Abre qui. ...
2026-01-28 19:47:26 [DEBUG]   [3] Extraído: Paleteria paulista - unidade Santana
2026-01-28 19:47:26 [DEBUG]   Texto do card 'Sorvetes Rochinha Santana': Sorvetes Rochinha Santana
4,6(304) · $$
Sorvete ·  · R. Dom Henrique Mourão, 216
Aberto · Fecha 21:00
 
Retirada na loj...
2026-01-28 19:47:26 [DEBUG]   [4] Extraído: Sorvetes Rochinha Santana
2026-01-28 19:47:26 [DEBUG]   Texto do card 'Gelato Borelli Santana': Gelato Borelli Santana
4,5(431)
Sorvete ·  · R. Tupiguaes, 48 - Loja 02
Aberto · Fecha 23:00
 
Compras na loja
·
Retira...
2026-01-28 19:47:26 [DEBUG]   [5] Extraído: Gelato Borelli Santana
2026-01-28 19:47:26 [DEBUG]   Texto do card 'Bacio di Latte - Augusto Tolle': Bacio di Latte - Augusto Tolle
4,4(143)
Sorvete ·  · R. Augusto Tolle, 619
Aberto · Fecha 22:00
 
Retirada na loja
 

...
2026-01-28 19:47:26 [DEBUG]   [6] Extraído: Bacio di Latte - Augusto Tolle
2026-01-28 19:47:26 [DEBUG]   Texto do card 'Frida & Mina Sorveteria': Frida & Mina Sorveteria
4,6(6.987) · $$
Sorvete · R. Artur de Azevedo, 1147
Produtos naturais em ambiente agradável
Aber...
2026-01-28 19:47:26 [DEBUG]   [7] Extraído: Frida & Mina Sorveteria
2026-01-28 19:47:26 [DEBUG]   Texto do card 'Dezato Gelato - Braz Leme': Dezato Gelato - Braz Leme
4,8(260)
Sorvete ·  · Av. Braz Leme, 1200 - Loja 06
Aberto · Fecha 22:00
 
Compras na loja
·
...
2026-01-28 19:47:26 [DEBUG]   [8] Extraído: Dezato Gelato - Braz Leme
2026-01-28 19:47:26 [DEBUG]   Texto do card 'Sorveteria Lafer & Açaí': Sorveteria Lafer & Açaí
4,6(982) · $
Sorvete ·  · R. Maria Curupaiti, 1520
Sorvetes e açaí em atmosfera relaxada
Aberto...
2026-01-28 19:47:26 [DEBUG]   [9] Extraído: Sorveteria Lafer & Açaí
2026-01-28 19:47:26 [DEBUG]   Texto do card 'Sorveteria do Centro': Sorveteria do Centro
4,4(2.875) · $$
Sorvete · R. Epitácio Pessoa, 94
Sorveteria com atmosfera boêmia
Aberto · Fecha 22:...
2026-01-28 19:47:26 [DEBUG]   [10] Extraído: Sorveteria do Centro
2026-01-28 19:47:26 [DEBUG]   Texto do card 'Bacio di Latte Gelato Puro': Bacio di Latte Gelato Puro
4,4(1.593) · $$$
Sorvete ·  · Av. Braz Leme, 2378
Aberto · Fecha 22:00
 
Refeição no local
·...
2026-01-28 19:47:26 [DEBUG]   [11] Extraído: Bacio di Latte Gelato Puro
2026-01-28 19:47:26 [DEBUG]   Texto do card 'Lambisk Sorvetes': Lambisk Sorvetes
4,7(192) · $
Sorvete ·  · Rua : Conselheiro Moreira de Barros, 1002
Fecha em breve · 20:00 · Abre sáb....
2026-01-28 19:47:26 [DEBUG]   [12] Extraído: Lambisk Sorvetes
2026-01-28 19:47:26 [DEBUG]   Texto do card 'The Best Açaí - Água Fria': The Best Açaí - Água Fria
4,7(31)
Sorvete ·  · Av. Nova Cantareira, 335
Fecha em breve · 20:00 · Abre sex. às 12:00
 
C...
2026-01-28 19:47:26 [DEBUG]   [13] Extraído: The Best Açaí - Água Fria
2026-01-28 19:47:26 [DEBUG]   Texto do card 'Bacio di Latte': Bacio di Latte
4,5(808) · $$$
Sorvete ·  · Tv. Casalbuono, 120
Aberto · Fecha 22:00
 
Refeição no local
·
Para viagem
·...
2026-01-28 19:47:26 [DEBUG]   [14] Extraído: Bacio di Latte
2026-01-28 19:47:26 [DEBUG]   Texto do card 'Belari Gelato Artesanal - Bairro do Limão': Belari Gelato Artesanal - Bairro do Limão
4,9(2.167)
Sorvete ·  · Av. Casa Verde, 3527
Aberto · Fecha 23:00
 
Entrega...
2026-01-28 19:47:26 [DEBUG]   [15] Extraído: Belari Gelato Artesanal - Bairro do Limão
2026-01-28 19:47:26 [DEBUG]   Texto do card 'Sou ice - Sorvetes e Congelados': Sou ice - Sorvetes e Congelados
4,6(69) · $
Sorvete · Av. Nova Cantareira, 346
Fechado · Abre qui. às 11:00
 
Compras na...
2026-01-28 19:47:26 [DEBUG]   [16] Extraído: Sou ice - Sorvetes e Congelados
2026-01-28 19:47:26 [DEBUG]   Texto do card 'Borelli center norte': Borelli center norte
4,8(96)
Sorvete ·  · Shopping Center Norte
Aberto · Fecha 22:00...
2026-01-28 19:47:26 [DEBUG]   [17] Extraído: Borelli center norte
2026-01-28 19:47:26 [DEBUG]   Texto do card 'Italian Dessert': Italian Dessert
4,5(155) · $$
Sorvete · Rua Dr. Rubens Meireles, 327
Aberto · Fecha 21:00
 
Retirada na loja
·
Entrega
 ...
2026-01-28 19:47:26 [DEBUG]   [18] Extraído: Italian Dessert
2026-01-28 19:47:26 [DEBUG]   Texto do card 'Frutiquello Sorvetes Vila Guilherme': Frutiquello Sorvetes Vila Guilherme
4,5(909) · $
Sorvete · Praça Oscár da Silva, 21
Aberto · Fecha 22:00
 
Entrega...
2026-01-28 19:47:26 [DEBUG]   [19] Extraído: Frutiquello Sorvetes Vila Guilherme
2026-01-28 19:47:26 [DEBUG]   Texto do card 'Candy Village Sorvete Infancia vintage': Candy Village Sorvete Infancia vintage
4,9(33)
Sorvete · R. Jovita
Fechado · Abre qui. às 08:00...
2026-01-28 19:47:26 [DEBUG]   [20] Extraído: Candy Village Sorvete Infancia vintage
2026-01-28 19:47:26 [DEBUG] Limite de 20 resultados atingido.
2026-01-28 19:47:26 [INFO] Total extraído para 'sorveteria': 20 estabelecimentos.
2026-01-28 19:47:26 [INFO] Coleta de 'sorveteria' concluída: 20 estabelecimentos encontrados.
2026-01-28 19:47:26 [INFO] ============================================================
2026-01-28 19:47:26 [INFO] TOTAL de estabelecimentos coletados: 60
2026-01-28 19:47:26 [INFO] Salvando resultados em JSON...
2026-01-28 19:47:26 [INFO] Arquivo JSON salvo com sucesso: c:\Users\bruno.su\Desktop\rpa-google-maps\resultados.json
2026-01-28 19:47:26 [INFO] Gerando planilha Excel...
2026-01-28 19:47:26 [INFO] Planilha Excel salva com sucesso: c:\Users\bruno.su\Desktop\rpa-google-maps\resultados.xlsx
2026-01-28 19:47:30 [INFO] Navegador fechado com sucesso.
2026-01-28 19:47:30 [INFO] ============================================================
2026-01-28 19:47:30 [INFO] AUTOMAÇÃO FINALIZADA — Tempo total: 76.8s
2026-01-28 19:47:30 [INFO] Resultados: 60 estabelecimentos
2026-01-28 19:47:30 [INFO] Arquivos gerados: c:\Users\bruno.su\Desktop\rpa-google-maps\resultados.json
2026-01-28 19:47:30 [INFO]                   c:\Users\bruno.su\Desktop\rpa-google-maps\resultados.xlsx
2026-01-28 19:47:30 [INFO] Log completo:     c:\Users\bruno.su\Desktop\rpa-google-maps\automation.log
2026-01-28 19:47:30 [INFO] ============================================================
